


ARM Macro Assembler    Page 1 


    1 00000000         ;*******************************************************
                       ***********************
    2 00000000         ;* File Name          : startup_xx.s
    3 00000000         ;* Author             : SOC SA Team
    4 00000000         ;* Description        : SC32F10XX devices vector table f
                       or MDK-ARM toolchain.
    5 00000000         ;*                      This module performs:
    6 00000000         ;*                      - Set the initial SP
    7 00000000         ;*                      - Set the initial PC == Reset_Ha
                       ndler
    8 00000000         ;*                      - Set the vector table entries w
                       ith the exceptions ISR address
    9 00000000         ;*                      - Branches to __main in the C li
                       brary (which eventually
   10 00000000         ;*                        calls main()).
   11 00000000         ;*                      After Reset the CortexM0 process
                       or is in Thread mode,
   12 00000000         ;*                      priority is Privileged, and the 
                       Stack is set to Main.
   13 00000000         ;* <<< Use Configuration Wizard in Context Menu >>>
   14 00000000         ;*******************************************************
                       *********************** 
   15 00000000         ; Amount of memory (in bytes) allocated for Stack
   16 00000000         ; Tailor this value to your application needs
   17 00000000         ; <h> Stack Configuration
   18 00000000         ;   <o> Stack Size (in Bytes) <0x0-0xFFFFFFFF:8>
   19 00000000         ; </h>
   20 00000000         
   21 00000000 00000500 
                       Stack_Size
                               EQU              0x00000500
   22 00000000         
   23 00000000                 AREA             STACK, NOINIT, READWRITE, ALIGN
=3
   24 00000000         Stack_Mem
                               SPACE            Stack_Size
   25 00000500         __initial_sp
   26 00000500         
   27 00000500         
   28 00000500         ; <h> Heap Configuration
   29 00000500         ;   <o>  Heap Size (in Bytes) <0x0-0xFFFFFFFF:8>
   30 00000500         ; </h>
   31 00000500         
   32 00000500 00000200 
                       Heap_Size
                               EQU              0x00000200
   33 00000500         
   34 00000500                 AREA             HEAP, NOINIT, READWRITE, ALIGN=
3
   35 00000000         __heap_base
   36 00000000         Heap_Mem
                               SPACE            Heap_Size
   37 00000200         __heap_limit
   38 00000200         
   39 00000200                 PRESERVE8
   40 00000200                 THUMB
   41 00000200         
   42 00000200         
   43 00000200         ; Vector Table Mapped to Address 0 at Reset



ARM Macro Assembler    Page 2 


   44 00000200                 AREA             RESET, DATA, READONLY
   45 00000000                 EXPORT           __Vectors
   46 00000000                 EXPORT           __Vectors_End
   47 00000000                 EXPORT           __Vectors_Size
   48 00000000         
   49 00000000 00000000 
                       __Vectors
                               DCD              __initial_sp ; Top of Stack
   50 00000004 00000000        DCD              Reset_Handler ; Reset Handler
   51 00000008 00000000        DCD              NMI_Handler ; NMI Handler
   52 0000000C 00000000        DCD              HardFault_Handler ; Hard Fault 
                                                            Handler
   53 00000010 00000000        DCD              MemManage_Handler 
                                                            ; MPU Fault Handler
                                                            
   54 00000014 00000000        DCD              BusFault_Handler 
                                                            ; Bus Fault Handler
                                                            
   55 00000018 00000000        DCD              UsageFault_Handler ; Usage Faul
                                                            t Handler
   56 0000001C 00000000        DCD              0           ; Reserved
   57 00000020 00000000        DCD              0           ; Reserved
   58 00000024 00000000        DCD              0           ; Reserved
   59 00000028 00000000        DCD              0           ; Reserved
   60 0000002C 00000000        DCD              SVC_Handler ; SVCall Handler
   61 00000030 00000000        DCD              DebugMon_Handler ; Debug Monito
                                                            r Handler
   62 00000034 00000000        DCD              0           ; Reserved
   63 00000038 00000000        DCD              PendSV_Handler ; PendSV Handler
                                                            
   64 0000003C 00000000        DCD              SysTick_IRQHandler 
                                                            ; SysTick Handler
   65 00000040         
   66 00000040         ; External Interrupts
   67 00000040 00000000        DCD              INT0_IRQHandler ; EXTI0
   68 00000044 00000000        DCD              INT1_7_IRQHandler 
                                                            ; EXTI1~EXTI17
   69 00000048 00000000        DCD              INT8_11_IRQHandler 
                                                            ; EXTI8~EXTI11
   70 0000004C 00000000        DCD              INT12_15_IRQHandler 
                                                            ; EXTI12~EXTI15
   71 00000050 00000000        DCD              RCC_IRQHandler ; RCC Oscillatio
                                                            n Stop Detection
   72 00000054 00000000        DCD              0           ; Reserved
   73 00000058 00000000        DCD              BTM_IRQHandler ; BTM
   74 0000005C 00000000        DCD              UART0_2_4_IRQHandler 
                                                            ; UART0-UART2-UART4
                                                            
   75 00000060 00000000        DCD              UART1_3_5_IRQHandler 
                                                            ; UART1-UART3-UART5
                                                            
   76 00000064 00000000        DCD              SPI0_IRQHandler ; SPI0
   77 00000068 00000000        DCD              SPI1_2_IRQHandler ; SPI1-SPI2
   78 0000006C 00000000        DCD              DMA0_IRQHandler ; DMA0
   79 00000070 00000000        DCD              DMA1_IRQHandler ; DMA1
   80 00000074 00000000        DCD              0           ; Reserved
   81 00000078 00000000        DCD              0           ; Reserved
   82 0000007C 00000000        DCD              TIMER0_IRQHandler ; TIMER0
   83 00000080 00000000        DCD              TIMER1_IRQHandler ; TIMER1



ARM Macro Assembler    Page 3 


   84 00000084 00000000        DCD              TIMER2_IRQHandler ; TIMER2
   85 00000088 00000000        DCD              TIMER3_IRQHandler ; TIMER3
   86 0000008C 00000000        DCD              TIMER4_5_IRQHandler 
                                                            ; TIMER4-TIMER5
   87 00000090 00000000        DCD              TIMER6_7_IRQHandler 
                                                            ; TIMER6-TIMER7
   88 00000094 00000000        DCD              PWM0_IRQHandler ; PWM0
   89 00000098 00000000        DCD              LEDPWM_IRQHandler ; LEDPWM
   90 0000009C 00000000        DCD              TWI0_IRQHandler ; TWI0
   91 000000A0 00000000        DCD              TWI1_IRQHandler ; TWI1
   92 000000A4 00000000        DCD              0           ; Reserved
   93 000000A8 00000000        DCD              0           ; Reserved
   94 000000AC 00000000        DCD              0           ; Reserved 
   95 000000B0 00000000        DCD              0           ; Reserved
   96 000000B4 00000000        DCD              ADC_IRQHandler ; ADC
   97 000000B8 00000000        DCD              CMP_IRQHandler ; CMP
   98 000000BC 00000000        DCD              TK_IRQHandler 
                                                            ; TK               
                                                            
   99 000000C0         
  100 000000C0         __Vectors_End
  101 000000C0         
  102 000000C0 000000C0 
                       __Vectors_Size
                               EQU              __Vectors_End - __Vectors
  103 000000C0         
  104 000000C0                 AREA             |.text|, CODE, READONLY
  105 00000000         
  106 00000000         ; Reset handler routine
  107 00000000         Reset_Handler
                               PROC
  108 00000000                 EXPORT           Reset_Handler    [WEAK]
  109 00000000                 IMPORT           __main
  110 00000000                 IMPORT           SystemInit
  111 00000000 481A            LDR              R0,=0x40003000
  112 00000002 6801            LDR              R1,[R0]
  113 00000004 4A1A            LDR              R2,=0x00000001
  114 00000006 4311            ORRS             R1,R1,R2
  115 00000008 6001            STR              R1,[R0]     ;AHB_CFG Enable the
                                                             DMA clock
  116 0000000A         
  117 0000000A 481A            LDR              R0,=0x4001083C
  118 0000000C 491A            LDR              R1,=0xA05F0100
  119 0000000E 6001            STR              R1,[R0]     ;DMA0_REV
  120 00000010         
  121 00000010 481A            LDR              R0,=0x4001087C
  122 00000012 4919            LDR              R1,=0xA05F0100
  123 00000014 6001            STR              R1,[R0]     ;DMA1_REV
  124 00000016         
  125 00000016 4815            LDR              R0,=0x40003000
  126 00000018 6801            LDR              R1,[R0]
  127 0000001A 4A19            LDR              R2,=0xFFFFFFFE
  128 0000001C 4011            ANDS             R1,R1,R2
  129 0000001E 6001            STR              R1,[R0]     ;AHB_CFG Disable th
                                                            e DMA clock
  130 00000020         
  131 00000020 4818            LDR              R0,=0x40003010
  132 00000022 4919            LDR              R1,=0xA05FF010
  133 00000024 6001            STR              R1,[R0]     ;RCC_REV



ARM Macro Assembler    Page 4 


  134 00000026         
  135 00000026 4819            LDR              R0,=0x400003DC
  136 00000028 4919            LDR              R1,=0xA05F0001
  137 0000002A 6001            STR              R1,[R0]     ;IAP_REV
  138 0000002C         
  139 0000002C 4819            LDR              R0,=0x40021000
  140 0000002E 491A            LDR              R1,=0x00800120
  141 00000030 6001            STR              R1,[R0]     ;APB1_CFG
  142 00000032         
  143 00000032 481A            LDR              R0,=0x4002105C
  144 00000034 491A            LDR              R1,=0xA05F0060
  145 00000036 6001            STR              R1,[R0]     ;SPI1_REV
  146 00000038         
  147 00000038 481A            LDR              R0,=0x400210BC
  148 0000003A 4919            LDR              R1,=0xA05F0060
  149 0000003C 6001            STR              R1,[R0]     ;SPI2_REV
  150 0000003E         
  151 0000003E 4815            LDR              R0,=0x40021000
  152 00000040 4919            LDR              R1,=0x00000000
  153 00000042 6001            STR              R1,[R0]     ;APB1_CFG
  154 00000044         
  155 00000044 4819            LDR              R0, =SystemInit
  156 00000046 4780            BLX              R0
  157 00000048 4819            LDR              R0, =__main
  158 0000004A 4700            BX               R0
  159 0000004C                 ENDP
  160 0000004C         
  161 0000004C         ; Dummy Exception Handlers (infinite loops which can be 
                       modified)
  162 0000004C         
  163 0000004C         NMI_Handler
                               PROC
  164 0000004C                 EXPORT           NMI_Handler     [WEAK]
  165 0000004C E7FE            B                .
  166 0000004E                 ENDP
  168 0000004E         HardFault_Handler
                               PROC
  169 0000004E                 EXPORT           HardFault_Handler   [WEAK]
  170 0000004E E7FE            B                .
  171 00000050                 ENDP
  173 00000050         MemManage_Handler
                               PROC
  174 00000050                 EXPORT           MemManage_Handler   [WEAK]
  175 00000050 E7FE            B                .
  176 00000052                 ENDP
  178 00000052         BusFault_Handler
                               PROC
  179 00000052                 EXPORT           BusFault_Handler   [WEAK]
  180 00000052 E7FE            B                .
  181 00000054                 ENDP
  183 00000054         UsageFault_Handler
                               PROC
  184 00000054                 EXPORT           UsageFault_Handler   [WEAK]
  185 00000054 E7FE            B                .
  186 00000056                 ENDP
  187 00000056         SVC_Handler
                               PROC
  188 00000056                 EXPORT           SVC_Handler     [WEAK]
  189 00000056 E7FE            B                .



ARM Macro Assembler    Page 5 


  190 00000058                 ENDP
  192 00000058         DebugMon_Handler
                               PROC
  193 00000058                 EXPORT           DebugMon_Handler   [WEAK]
  194 00000058 E7FE            B                .
  195 0000005A                 ENDP
  196 0000005A         PendSV_Handler
                               PROC
  197 0000005A                 EXPORT           PendSV_Handler    [WEAK]
  198 0000005A E7FE            B                .
  199 0000005C                 ENDP
  201 0000005C         SysTick_IRQHandler
                               PROC
  202 0000005C                 EXPORT           SysTick_IRQHandler    [WEAK]
  203 0000005C E7FE            B                .
  204 0000005E                 ENDP
  205 0000005E         
  206 0000005E         Default_Handler
                               PROC
  207 0000005E         
  208 0000005E                 EXPORT           INT0_IRQHandler       [WEAK]
  209 0000005E                 EXPORT           INT1_7_IRQHandler   [WEAK]
  210 0000005E                 EXPORT           INT8_11_IRQHandler   [WEAK]
  211 0000005E                 EXPORT           INT12_15_IRQHandler    [WEAK]
  212 0000005E                 EXPORT           RCC_IRQHandler    [WEAK]
  213 0000005E                 EXPORT           BTM_IRQHandler    [WEAK]
  214 0000005E                 EXPORT           UART0_2_4_IRQHandler  [WEAK]
  215 0000005E                 EXPORT           UART1_3_5_IRQHandler  [WEAK]
  216 0000005E                 EXPORT           SPI0_IRQHandler    [WEAK]
  217 0000005E                 EXPORT           SPI1_2_IRQHandler   [WEAK]
  218 0000005E                 EXPORT           DMA0_IRQHandler    [WEAK]
  219 0000005E                 EXPORT           DMA1_IRQHandler    [WEAK]
  220 0000005E                 EXPORT           TIMER0_IRQHandler   [WEAK]
  221 0000005E                 EXPORT           TIMER1_IRQHandler   [WEAK]
  222 0000005E                 EXPORT           TIMER2_IRQHandler   [WEAK]
  223 0000005E                 EXPORT           TIMER3_IRQHandler   [WEAK]
  224 0000005E                 EXPORT           TIMER4_5_IRQHandler   [WEAK]
  225 0000005E                 EXPORT           TIMER6_7_IRQHandler   [WEAK]
  226 0000005E                 EXPORT           PWM0_IRQHandler    [WEAK]
  227 0000005E                 EXPORT           LEDPWM_IRQHandler   [WEAK]
  228 0000005E                 EXPORT           TWI0_IRQHandler    [WEAK]
  229 0000005E                 EXPORT           TWI1_IRQHandler    [WEAK]
  230 0000005E                 EXPORT           ADC_IRQHandler    [WEAK]
  231 0000005E                 EXPORT           CMP_IRQHandler    [WEAK]
  232 0000005E                 EXPORT           TK_IRQHandler    [WEAK]
  233 0000005E         
  234 0000005E         INT0_IRQHandler
  235 0000005E         INT1_7_IRQHandler
  236 0000005E         INT8_11_IRQHandler
  237 0000005E         INT12_15_IRQHandler
  238 0000005E         RCC_IRQHandler
  239 0000005E         BTM_IRQHandler
  240 0000005E         UART0_2_4_IRQHandler
  241 0000005E         UART1_3_5_IRQHandler
  242 0000005E         SPI0_IRQHandler
  243 0000005E         SPI1_2_IRQHandler
  244 0000005E         DMA0_IRQHandler
  245 0000005E         DMA1_IRQHandler
  246 0000005E         TIMER0_IRQHandler



ARM Macro Assembler    Page 6 


  247 0000005E         TIMER1_IRQHandler
  248 0000005E         TIMER2_IRQHandler
  249 0000005E         TIMER3_IRQHandler
  250 0000005E         TIMER4_5_IRQHandler
  251 0000005E         TIMER6_7_IRQHandler
  252 0000005E         PWM0_IRQHandler
  253 0000005E         LEDPWM_IRQHandler
  254 0000005E         TWI0_IRQHandler
  255 0000005E         TWI1_IRQHandler
  256 0000005E         ADC_IRQHandler
  257 0000005E         CMP_IRQHandler
  258 0000005E         TK_IRQHandler
  259 0000005E         
  260 0000005E E7FE            B                .
  261 00000060         
  262 00000060                 ENDP
  263 00000060         
  264 00000060                 ALIGN
  265 00000060         
  266 00000060         ;*******************************************************
                       ************************
  267 00000060         ; User Stack and Heap initialization
  268 00000060         ;*******************************************************
                       ************************
  269 00000060                 IF               :DEF:__MICROLIB
  276 00000060         
  277 00000060                 IMPORT           __use_two_region_memory
  278 00000060                 EXPORT           __user_initial_stackheap
  279 00000060         
  280 00000060         __user_initial_stackheap
  281 00000060         
  282 00000060 4814            LDR              R0, =  Heap_Mem
  283 00000062 4915            LDR              R1, =(Stack_Mem + Stack_Size)
  284 00000064 4A15            LDR              R2, = (Heap_Mem +  Heap_Size)
  285 00000066 4B16            LDR              R3, = Stack_Mem
  286 00000068 4770            BX               LR
  287 0000006A         
  288 0000006A 00 00           ALIGN
  289 0000006C         
  290 0000006C                 ENDIF
  291 0000006C         
  292 0000006C                 END
              40003000 
              00000001 
              4001083C 
              A05F0100 
              4001087C 
              FFFFFFFE 
              40003010 
              A05FF010 
              400003DC 
              A05F0001 
              40021000 
              00800120 
              4002105C 
              A05F0060 
              400210BC 
              00000000 
              00000000 



ARM Macro Assembler    Page 7 


              00000000 
              00000000 
              00000500 
              00000200 
              00000000 
Command Line: --debug --xref --diag_suppress=9931 --cpu=Cortex-M0+ --apcs=inter
work --depend=..\output\startup_sc32f12xx.d -o..\output\startup_sc32f12xx.o -IC
:\Users\gchh\AppData\Local\Arm\Packs\Keil\SC32F1xxx_DFP\1.1.7\Device\SC32F12xx\
FWLib\SC32_Lib\inc --predefine="__UVISION_VERSION SETA 543" --predefine="SC32f1
2xx SETA 1" --list=..\list\startup_sc32f12xx.lst startup_sc32f12xx.s



ARM Macro Assembler    Page 1 Alphabetic symbol ordering
Relocatable symbols

STACK 00000000

Symbol: STACK
   Definitions
      At line 23 in file startup_sc32f12xx.s
   Uses
      None
Comment: STACK unused
Stack_Mem 00000000

Symbol: Stack_Mem
   Definitions
      At line 24 in file startup_sc32f12xx.s
   Uses
      At line 283 in file startup_sc32f12xx.s
      At line 285 in file startup_sc32f12xx.s

__initial_sp 00000500

Symbol: __initial_sp
   Definitions
      At line 25 in file startup_sc32f12xx.s
   Uses
      At line 49 in file startup_sc32f12xx.s
Comment: __initial_sp used once
3 symbols



ARM Macro Assembler    Page 1 Alphabetic symbol ordering
Relocatable symbols

HEAP 00000000

Symbol: HEAP
   Definitions
      At line 34 in file startup_sc32f12xx.s
   Uses
      None
Comment: HEAP unused
Heap_Mem 00000000

Symbol: Heap_Mem
   Definitions
      At line 36 in file startup_sc32f12xx.s
   Uses
      At line 282 in file startup_sc32f12xx.s
      At line 284 in file startup_sc32f12xx.s

__heap_base 00000000

Symbol: __heap_base
   Definitions
      At line 35 in file startup_sc32f12xx.s
   Uses
      None
Comment: __heap_base unused
__heap_limit 00000200

Symbol: __heap_limit
   Definitions
      At line 37 in file startup_sc32f12xx.s
   Uses
      None
Comment: __heap_limit unused
4 symbols



ARM Macro Assembler    Page 1 Alphabetic symbol ordering
Relocatable symbols

RESET 00000000

Symbol: RESET
   Definitions
      At line 44 in file startup_sc32f12xx.s
   Uses
      None
Comment: RESET unused
__Vectors 00000000

Symbol: __Vectors
   Definitions
      At line 49 in file startup_sc32f12xx.s
   Uses
      At line 45 in file startup_sc32f12xx.s
      At line 102 in file startup_sc32f12xx.s

__Vectors_End 000000C0

Symbol: __Vectors_End
   Definitions
      At line 100 in file startup_sc32f12xx.s
   Uses
      At line 46 in file startup_sc32f12xx.s
      At line 102 in file startup_sc32f12xx.s

3 symbols



ARM Macro Assembler    Page 1 Alphabetic symbol ordering
Relocatable symbols

.text 00000000

Symbol: .text
   Definitions
      At line 104 in file startup_sc32f12xx.s
   Uses
      None
Comment: .text unused
ADC_IRQHandler 0000005E

Symbol: ADC_IRQHandler
   Definitions
      At line 256 in file startup_sc32f12xx.s
   Uses
      At line 96 in file startup_sc32f12xx.s
      At line 230 in file startup_sc32f12xx.s

BTM_IRQHandler 0000005E

Symbol: BTM_IRQHandler
   Definitions
      At line 239 in file startup_sc32f12xx.s
   Uses
      At line 73 in file startup_sc32f12xx.s
      At line 213 in file startup_sc32f12xx.s

BusFault_Handler 00000052

Symbol: BusFault_Handler
   Definitions
      At line 178 in file startup_sc32f12xx.s
   Uses
      At line 54 in file startup_sc32f12xx.s
      At line 179 in file startup_sc32f12xx.s

CMP_IRQHandler 0000005E

Symbol: CMP_IRQHandler
   Definitions
      At line 257 in file startup_sc32f12xx.s
   Uses
      At line 97 in file startup_sc32f12xx.s
      At line 231 in file startup_sc32f12xx.s

DMA0_IRQHandler 0000005E

Symbol: DMA0_IRQHandler
   Definitions
      At line 244 in file startup_sc32f12xx.s
   Uses
      At line 78 in file startup_sc32f12xx.s
      At line 218 in file startup_sc32f12xx.s

DMA1_IRQHandler 0000005E

Symbol: DMA1_IRQHandler
   Definitions
      At line 245 in file startup_sc32f12xx.s
   Uses



ARM Macro Assembler    Page 2 Alphabetic symbol ordering
Relocatable symbols

      At line 79 in file startup_sc32f12xx.s
      At line 219 in file startup_sc32f12xx.s

DebugMon_Handler 00000058

Symbol: DebugMon_Handler
   Definitions
      At line 192 in file startup_sc32f12xx.s
   Uses
      At line 61 in file startup_sc32f12xx.s
      At line 193 in file startup_sc32f12xx.s

Default_Handler 0000005E

Symbol: Default_Handler
   Definitions
      At line 206 in file startup_sc32f12xx.s
   Uses
      None
Comment: Default_Handler unused
HardFault_Handler 0000004E

Symbol: HardFault_Handler
   Definitions
      At line 168 in file startup_sc32f12xx.s
   Uses
      At line 52 in file startup_sc32f12xx.s
      At line 169 in file startup_sc32f12xx.s

INT0_IRQHandler 0000005E

Symbol: INT0_IRQHandler
   Definitions
      At line 234 in file startup_sc32f12xx.s
   Uses
      At line 67 in file startup_sc32f12xx.s
      At line 208 in file startup_sc32f12xx.s

INT12_15_IRQHandler 0000005E

Symbol: INT12_15_IRQHandler
   Definitions
      At line 237 in file startup_sc32f12xx.s
   Uses
      At line 70 in file startup_sc32f12xx.s
      At line 211 in file startup_sc32f12xx.s

INT1_7_IRQHandler 0000005E

Symbol: INT1_7_IRQHandler
   Definitions
      At line 235 in file startup_sc32f12xx.s
   Uses
      At line 68 in file startup_sc32f12xx.s
      At line 209 in file startup_sc32f12xx.s

INT8_11_IRQHandler 0000005E

Symbol: INT8_11_IRQHandler



ARM Macro Assembler    Page 3 Alphabetic symbol ordering
Relocatable symbols

   Definitions
      At line 236 in file startup_sc32f12xx.s
   Uses
      At line 69 in file startup_sc32f12xx.s
      At line 210 in file startup_sc32f12xx.s

LEDPWM_IRQHandler 0000005E

Symbol: LEDPWM_IRQHandler
   Definitions
      At line 253 in file startup_sc32f12xx.s
   Uses
      At line 89 in file startup_sc32f12xx.s
      At line 227 in file startup_sc32f12xx.s

MemManage_Handler 00000050

Symbol: MemManage_Handler
   Definitions
      At line 173 in file startup_sc32f12xx.s
   Uses
      At line 53 in file startup_sc32f12xx.s
      At line 174 in file startup_sc32f12xx.s

NMI_Handler 0000004C

Symbol: NMI_Handler
   Definitions
      At line 163 in file startup_sc32f12xx.s
   Uses
      At line 51 in file startup_sc32f12xx.s
      At line 164 in file startup_sc32f12xx.s

PWM0_IRQHandler 0000005E

Symbol: PWM0_IRQHandler
   Definitions
      At line 252 in file startup_sc32f12xx.s
   Uses
      At line 88 in file startup_sc32f12xx.s
      At line 226 in file startup_sc32f12xx.s

PendSV_Handler 0000005A

Symbol: PendSV_Handler
   Definitions
      At line 196 in file startup_sc32f12xx.s
   Uses
      At line 63 in file startup_sc32f12xx.s
      At line 197 in file startup_sc32f12xx.s

RCC_IRQHandler 0000005E

Symbol: RCC_IRQHandler
   Definitions
      At line 238 in file startup_sc32f12xx.s
   Uses
      At line 71 in file startup_sc32f12xx.s
      At line 212 in file startup_sc32f12xx.s



ARM Macro Assembler    Page 4 Alphabetic symbol ordering
Relocatable symbols


Reset_Handler 00000000

Symbol: Reset_Handler
   Definitions
      At line 107 in file startup_sc32f12xx.s
   Uses
      At line 50 in file startup_sc32f12xx.s
      At line 108 in file startup_sc32f12xx.s

SPI0_IRQHandler 0000005E

Symbol: SPI0_IRQHandler
   Definitions
      At line 242 in file startup_sc32f12xx.s
   Uses
      At line 76 in file startup_sc32f12xx.s
      At line 216 in file startup_sc32f12xx.s

SPI1_2_IRQHandler 0000005E

Symbol: SPI1_2_IRQHandler
   Definitions
      At line 243 in file startup_sc32f12xx.s
   Uses
      At line 77 in file startup_sc32f12xx.s
      At line 217 in file startup_sc32f12xx.s

SVC_Handler 00000056

Symbol: SVC_Handler
   Definitions
      At line 187 in file startup_sc32f12xx.s
   Uses
      At line 60 in file startup_sc32f12xx.s
      At line 188 in file startup_sc32f12xx.s

SysTick_IRQHandler 0000005C

Symbol: SysTick_IRQHandler
   Definitions
      At line 201 in file startup_sc32f12xx.s
   Uses
      At line 64 in file startup_sc32f12xx.s
      At line 202 in file startup_sc32f12xx.s

TIMER0_IRQHandler 0000005E

Symbol: TIMER0_IRQHandler
   Definitions
      At line 246 in file startup_sc32f12xx.s
   Uses
      At line 82 in file startup_sc32f12xx.s
      At line 220 in file startup_sc32f12xx.s

TIMER1_IRQHandler 0000005E

Symbol: TIMER1_IRQHandler
   Definitions



ARM Macro Assembler    Page 5 Alphabetic symbol ordering
Relocatable symbols

      At line 247 in file startup_sc32f12xx.s
   Uses
      At line 83 in file startup_sc32f12xx.s
      At line 221 in file startup_sc32f12xx.s

TIMER2_IRQHandler 0000005E

Symbol: TIMER2_IRQHandler
   Definitions
      At line 248 in file startup_sc32f12xx.s
   Uses
      At line 84 in file startup_sc32f12xx.s
      At line 222 in file startup_sc32f12xx.s

TIMER3_IRQHandler 0000005E

Symbol: TIMER3_IRQHandler
   Definitions
      At line 249 in file startup_sc32f12xx.s
   Uses
      At line 85 in file startup_sc32f12xx.s
      At line 223 in file startup_sc32f12xx.s

TIMER4_5_IRQHandler 0000005E

Symbol: TIMER4_5_IRQHandler
   Definitions
      At line 250 in file startup_sc32f12xx.s
   Uses
      At line 86 in file startup_sc32f12xx.s
      At line 224 in file startup_sc32f12xx.s

TIMER6_7_IRQHandler 0000005E

Symbol: TIMER6_7_IRQHandler
   Definitions
      At line 251 in file startup_sc32f12xx.s
   Uses
      At line 87 in file startup_sc32f12xx.s
      At line 225 in file startup_sc32f12xx.s

TK_IRQHandler 0000005E

Symbol: TK_IRQHandler
   Definitions
      At line 258 in file startup_sc32f12xx.s
   Uses
      At line 98 in file startup_sc32f12xx.s
      At line 232 in file startup_sc32f12xx.s

TWI0_IRQHandler 0000005E

Symbol: TWI0_IRQHandler
   Definitions
      At line 254 in file startup_sc32f12xx.s
   Uses
      At line 90 in file startup_sc32f12xx.s
      At line 228 in file startup_sc32f12xx.s




ARM Macro Assembler    Page 6 Alphabetic symbol ordering
Relocatable symbols

TWI1_IRQHandler 0000005E

Symbol: TWI1_IRQHandler
   Definitions
      At line 255 in file startup_sc32f12xx.s
   Uses
      At line 91 in file startup_sc32f12xx.s
      At line 229 in file startup_sc32f12xx.s

UART0_2_4_IRQHandler 0000005E

Symbol: UART0_2_4_IRQHandler
   Definitions
      At line 240 in file startup_sc32f12xx.s
   Uses
      At line 74 in file startup_sc32f12xx.s
      At line 214 in file startup_sc32f12xx.s

UART1_3_5_IRQHandler 0000005E

Symbol: UART1_3_5_IRQHandler
   Definitions
      At line 241 in file startup_sc32f12xx.s
   Uses
      At line 75 in file startup_sc32f12xx.s
      At line 215 in file startup_sc32f12xx.s

UsageFault_Handler 00000054

Symbol: UsageFault_Handler
   Definitions
      At line 183 in file startup_sc32f12xx.s
   Uses
      At line 55 in file startup_sc32f12xx.s
      At line 184 in file startup_sc32f12xx.s

__user_initial_stackheap 00000060

Symbol: __user_initial_stackheap
   Definitions
      At line 280 in file startup_sc32f12xx.s
   Uses
      At line 278 in file startup_sc32f12xx.s
Comment: __user_initial_stackheap used once
38 symbols



ARM Macro Assembler    Page 1 Alphabetic symbol ordering
Absolute symbols

Heap_Size 00000200

Symbol: Heap_Size
   Definitions
      At line 32 in file startup_sc32f12xx.s
   Uses
      At line 36 in file startup_sc32f12xx.s
      At line 284 in file startup_sc32f12xx.s

Stack_Size 00000500

Symbol: Stack_Size
   Definitions
      At line 21 in file startup_sc32f12xx.s
   Uses
      At line 24 in file startup_sc32f12xx.s
      At line 283 in file startup_sc32f12xx.s

__Vectors_Size 000000C0

Symbol: __Vectors_Size
   Definitions
      At line 102 in file startup_sc32f12xx.s
   Uses
      At line 47 in file startup_sc32f12xx.s
Comment: __Vectors_Size used once
3 symbols



ARM Macro Assembler    Page 1 Alphabetic symbol ordering
External symbols

SystemInit 00000000

Symbol: SystemInit
   Definitions
      At line 110 in file startup_sc32f12xx.s
   Uses
      At line 155 in file startup_sc32f12xx.s
Comment: SystemInit used once
__main 00000000

Symbol: __main
   Definitions
      At line 109 in file startup_sc32f12xx.s
   Uses
      At line 157 in file startup_sc32f12xx.s
Comment: __main used once
__use_two_region_memory 00000000

Symbol: __use_two_region_memory
   Definitions
      At line 277 in file startup_sc32f12xx.s
   Uses
      None
Comment: __use_two_region_memory unused
3 symbols
390 symbols in table
